# R266b forensic capture — preview Gap BP slot 1,462,057 (failing tx 7bb40e40…3be5b9)
# Generated by: YGG_DUMP_BUILTIN_COSTS=1 + YGG_DUMP_CEK_STEPS=1 + YGG_DUMP_PLUTUS_PV=1
#               yggdrasil-node run --network preview ...
# Source: copies of /tmp/ygg-builtin-costs-r266b2.log + /tmp/ygg-cek-steps-r266b.log

## Per-V2-eval StepCosts dump (extended YGG_DUMP_PLUTUS_PV)

YGG_DUMP_PLUTUS_PV: tx_hash=7bb40e40c3e6010ead628fd9ea62ae4f8acab340ccca26efacad826caa3be5b9
  script_hash=86f081bd6de5712f1bd1d8fe8a25fdb8782830522db18550c365d1df
  version=V2  pv=Some((7, 0))  propagated=true  variant=A
  startup=100/100  var=23000/100  const=23000/100  lam=23000/100
  apply=23000/100  delay=23000/100  force=23000/100  builtin=23000/100

(All 6 V2 evals in the block dispatched identically — variant=A, all
StepCosts uniform 23000 cpu / 100 mem matching upstream variant-A defaults.)

## Failing tx step counts by kind

kind=Apply     count=17068
kind=Var       count=15466
kind=LamAbs    count=11602
kind=Force     count= 8399
kind=Delay     count= 3911
kind=Builtin   count= 3207
kind=Constant  count=  347
TOTAL          count=60000

Total step CPU = 60000 × 23000 = 1,380,000,000

## Failing tx builtin call counts

556 fun=UnConstrData
451 fun=IfThenElse
362 fun=SndPair
344 fun=HeadList
313 fun=TailList
298 fun=EqualsInteger
272 fun=FstPair
169 fun=ChooseList
146 fun=EqualsByteString
110 fun=UnBData
 52 fun=ChooseData
 40 fun=UnIData
 34 fun=UnMapData
 11 fun=AddInteger
 10 fun=MultiplyInteger
  9 fun=UnListData
  6 fun=MkCons
  6 fun=DivideInteger
  4 fun=MkNilData
  4 fun=LessThanInteger
  4 fun=ConstrData
  2 fun=SubtractInteger
  2 fun=IData
  2 fun=EqualsData
  2 fun=BData
  1 fun=LessThanEqualsInteger
TOTAL = 3210 saturated builtin calls

Total builtin CPU = 278,268,215
Total builtin MEM = 73,882

## Verified per-call costs match upstream variant A (sample)

fun=UnConstrData      args=[any]      cpu=32696   matches: constant_cost 32696
fun=HeadList          args=[any]      cpu=43249   matches: constant_cost 43249
fun=TailList          args=[any]      cpu=41182   matches: constant_cost 41182
fun=SndPair           args=[*]        cpu=85931   matches: constant_cost 85931
fun=FstPair           args=[*]        cpu=80436   matches: constant_cost 80436
fun=ChooseList        args=[any,*,*]  cpu=175354  matches: constant_cost 175354
fun=ChooseData        args=[any,*]    cpu=19537   matches: constant_cost 19537
fun=IfThenElse        args=[1,1,1]    cpu=80556   matches: constant_cost 80556
fun=ConstrData        args=[1,*]      cpu=89141   matches: constant_cost 89141
fun=IData             args=[1]        cpu=1000    matches: constant_cost 1000
fun=BData             args=[any]      cpu=1000    matches: constant_cost 1000
fun=MkCons            args=[*,*]      cpu=65493   matches: constant_cost 65493
fun=MkNilData         args=[1]        cpu=22558   matches: constant_cost 22558
fun=UnBData           args=[any]      cpu=31220   matches: constant_cost 31220
fun=UnIData           args=[any]      cpu=43357   matches: constant_cost 43357
fun=UnMapData         args=[any]      cpu=38314   matches: constant_cost 38314
fun=UnListData        args=[any]      cpu=32247   matches: constant_cost 32247
fun=AddInteger        args=[1,1]      cpu=206477  matches: max_size 205665+812*1
fun=SubtractInteger   args=[1,1]      cpu=206477  matches: max_size 205665+812*1
fun=MultiplyInteger   args=[1,1]      cpu=92896   matches: added_sizes 69522+11687*2 (variant A)
fun=DivideInteger     args=[1,1]      cpu=453460  matches: const_above_diagonal(196500, mul_sizes(453240,220))
fun=EqualsInteger     args=[1,1]      cpu=208933  matches: min_size 208512+421*1
fun=LessThanInteger   args=[1,1]      cpu=209407  matches: min_size 208896+511*1
fun=LessThanEqualsInteger args=[1,1]  cpu=205397  matches: min_size 204924+473*1
fun=EqualsByteString  args=[1,1]      cpu=216835  matches: linear_on_diagonal a=b → 216773+62*1
fun=EqualsByteString  args=[4,1]      cpu=245000  matches: linear_on_diagonal a≠b → 245000
fun=EqualsByteString  args=[4,4]      cpu=217021  matches: linear_on_diagonal a=b → 216773+62*4
fun=EqualsData        args=[8,8]      cpu=1161055 matches: min_size 1060367+12586*8
fun=EqualsData        args=[21,21]    cpu=1324673 matches: min_size 1060367+12586*21

All 21 unique builtins observed in the failing tx use upstream-correct
variant-A cost expressions on upstream-default values.

## Drift summary

Yggdrasil total CPU charged = 1,380,000,000 (steps) + 278,268,215 (builtins) + 100 (startup)
                            = 1,658,268,315
Block-claimed budget        = 1,657,962,006
Drift                       = +306,309 cpu (≈ 13.32 × 23000)

Conclusion: drift is in total CEK step count (~14 extra steps in yggdrasil),
NOT in cost-model values, variant selection, builtin formulas, or per-step
CEK costs. Most likely surface: ScriptContext construction or Environment
lookup. Audit deferred to a future round under the same operator-time
prerequisite as the V2 cost-array byte-diff queued from R266 step 1.

## Slip-batch failure record

[1778044156291] Error Node.Sync node=yggdrasil-preview node run failed
  error=ledger decode error: Phase-2 validation tag mismatch:
        block says true, re-evaluation says false:
        script 86f081bd6de5712f1bd1d8fe8a25fdb8782830522db18550c365d1df failed:
        purpose Spending { tx_id: 202f45d627131b8c4d6659a62cd9f92e7ac6183dfe165a8eda8795e0e2b2ed68, index: 0 },
        version V2,
        tx 7bb40e40c3e6010ead628fd9ea62ae4f8acab340ccca26efacad826caa3be5b9,
        ex_units(mem=6121408, steps=1657962006):
        out of budget: 200 accumulated steps:
          cost   cpu=4600000, mem=20000,        ← 200 steps × 23000 = 4,600,000 (variant-A uniform)
          before cpu=4293691, mem=67426,         ← budget after 299 prior batches + last builtin
          after  cpu=-306309, mem=47426          ← 4,293,691 - 4,600,000 = -306,309 (over budget)
