[36m[1778005175045] Notice Node.GenesisHash.Verified node=yggdrasil-preprod genesis hash integrity check passed alonzoVerified=true byronVerified=true conwayVerified=true shelleyVerified=true verifiedCount=4[0m
[1778005175050] Info Net.PeerSelection node=yggdrasil-preprod evaluated ledger-derived startup fallbacks bigLedgerPeerCount=0 decision=AwaitingLatestSlot { after_slot: 112406400 } eligiblePeerCount=0 latestSlot=null ledgerPeerCount=16 snapshotPath=/home/daniel/Cardano-node/node/configuration/preprod/peer-snapshot.json snapshotSlot=0
[36m[1778005175050] Notice Startup.NodeRole node=yggdrasil-preprod resolved node role blockProducerCredentials=absent inboundListenAddr=null nonProducingNode=false role=sync-only[0m
[36m[1778005175052] Notice Startup.DiffusionInit node=yggdrasil-preprod starting node runtime bootstrapPeerCount=1 networkMagic=1 primaryPeer=3.79.79.217:3001 protocolVersions=[13,14] storageDir=/tmp/ygg-r249-preprod-soak/db[0m
[33m[1778005175052] Warning Startup.TraceForwarderStub node=yggdrasil-preprod Forwarder trace backend uses a stub transport that is not interoperable with upstream cardano-tracer; events routed only to the Forwarder backend will be silently dropped unless a Yggdrasil-aware listener is bound to the socket. Use `Stdout HumanFormatColoured` / `Stdout HumanFormat` / `StdoutMachine` for guaranteed delivery. socketPath=/tmp/cardano-trace-forwarder.sock upstreamReference=Cardano.Logging.Forwarding (cardano-node)[0m
[36m[1778005175052] Notice Net.NtC node=yggdrasil-preprod starting NtC local server genesisConfigCborBytes=821 socketPath=/tmp/ygg-r249-preprod-soak/ygg.sock[0m
[36m[1778005175052] Notice Node.Recovery node=yggdrasil-preprod recovered ledger state from coordinated storage checkpointSlot=null point=Origin replayedVolatileBlocks=0[0m
[36m[1778005175058] Notice Net.Governor node=yggdrasil-preprod peer governor started consensusMode=PraosMode peerSharing=true targetActive=5 targetEstablished=10 targetKnown=20 tickIntervalSecs=5[0m
[1778005175059] Info Net.PeerSelection node=yggdrasil-preprod evaluated reconnect ledger-derived peers bigLedgerPeerCount=0 decision=AwaitingLatestSlot { after_slot: 112406400 } latestSlot=null ledgerPeerCount=16 peerSnapshotFreshness=Awaiting snapshotSlot=0
[1778005175063] Info Net.PeerSelection node=yggdrasil-preprod refreshed reconnect peer candidates fallbackPeerCount=0 latestSlot=null preferredPeer=null preferredPeerSource=null useLedgerPeers=UseLedgerPeers(After(112406400))
[1778005175063] Info Net.PeerSelection node=yggdrasil-preprod attempting bootstrap peer attempt=1 networkMagic=1 peer=3.79.79.217:3001
[1778005175158] Info Net.PeerSelection node=yggdrasil-preprod bootstrap peer connected attempt=1 peer=3.79.79.217:3001
[36m[1778005175158] Notice Net.ConnectionManager.Remote node=yggdrasil-preprod verified sync session established fromPoint=Origin peer=3.79.79.217:3001 reconnectCount=0[0m
[36m[1778005175275] Notice Node.Recovery.Checkpoint node=yggdrasil-preprod ledger checkpoints cleared at origin action=cleared-origin checkpointIntervalSlots=2160 maxLedgerSnapshots=8[0m
[36m[1778005180602] Notice Ledger.EpochBoundary node=yggdrasil-preprod epoch boundary transition applied accountsRewarded=0 deltaReserves=45000000000000 donationsTransferred=0 drepsExpired=0 enactedDepositRefunds=0 governanceActionsEnacted=0 governanceActionsExpired=0 governanceDepositRefunds=0 newEpoch=1 poolDepositRefunds=0 poolsRetired=0 pparamUpdatesApplied=0 rewardsDistributed=0 treasuryDelta=9000000000000 unclaimedGovernanceDeposits=0 unclaimedPoolDeposits=0 unclaimedRewards=36000000000000[0m
[36m[1778005180602] Notice Ledger.EpochBoundary node=yggdrasil-preprod epoch boundary transition applied accountsRewarded=0 deltaReserves=44973000000000 donationsTransferred=0 drepsExpired=0 enactedDepositRefunds=0 governanceActionsEnacted=0 governanceActionsExpired=0 governanceDepositRefunds=0 newEpoch=2 poolDepositRefunds=0 poolsRetired=0 pparamUpdatesApplied=0 rewardsDistributed=0 treasuryDelta=8994600000000 unclaimedGovernanceDeposits=0 unclaimedPoolDeposits=0 unclaimedRewards=35978400000000[0m
[36m[1778005180602] Notice Ledger.EpochBoundary node=yggdrasil-preprod epoch boundary transition applied accountsRewarded=0 deltaReserves=44946016200000 donationsTransferred=0 drepsExpired=0 enactedDepositRefunds=0 governanceActionsEnacted=0 governanceActionsExpired=0 governanceDepositRefunds=0 newEpoch=3 poolDepositRefunds=0 poolsRetired=0 pparamUpdatesApplied=0 rewardsDistributed=0 treasuryDelta=8989203240000 unclaimedGovernanceDeposits=0 unclaimedPoolDeposits=0 unclaimedRewards=35956812960000[0m
[36m[1778005180602] Notice Ledger.EpochBoundary node=yggdrasil-preprod epoch boundary transition applied accountsRewarded=0 deltaReserves=44919048590280 donationsTransferred=0 drepsExpired=0 enactedDepositRefunds=0 governanceActionsEnacted=0 governanceActionsExpired=0 governanceDepositRefunds=0 newEpoch=4 poolDepositRefunds=0 poolsRetired=0 pparamUpdatesApplied=0 rewardsDistributed=0 treasuryDelta=8983809718056 unclaimedGovernanceDeposits=0 unclaimedPoolDeposits=0 unclaimedRewards=35935238872224[0m
[1778005180602] Info Node.Recovery.Checkpoint node=yggdrasil-preprod ledger checkpoint persisted action=persisted checkpointIntervalSlots=2160 maxLedgerSnapshots=8 prunedSnapshots=0 retainedSnapshots=1 rollbackCount=0 slot=86460
[1778005181605] Info Node.Recovery.Checkpoint node=yggdrasil-preprod ledger checkpoint skipped action=skipped checkpointIntervalSlots=2160 maxLedgerSnapshots=8 rollbackCount=0 sinceLastSlotDelta=1000 slot=90460
[1778005182774] Info Node.Recovery.Checkpoint node=yggdrasil-preprod ledger checkpoint persisted action=persisted checkpointIntervalSlots=2160 maxLedgerSnapshots=8 prunedSnapshots=0 retainedSnapshots=4 rollbackCount=0 slot=95460
[1778005183935] Info Node.Recovery.Checkpoint node=yggdrasil-preprod ledger checkpoint skipped action=skipped checkpointIntervalSlots=2160 maxLedgerSnapshots=8 rollbackCount=0 sinceLastSlotDelta=2000 slot=100460
[1778005185110] Info Node.Recovery.Checkpoint node=yggdrasil-preprod ledger checkpoint skipped action=skipped checkpointIntervalSlots=2160 maxLedgerSnapshots=8 rollbackCount=0 sinceLastSlotDelta=1000 slot=105460
[1778005186328] Info Node.Recovery.Checkpoint node=yggdrasil-preprod ledger checkpoint persisted action=persisted checkpointIntervalSlots=2160 maxLedgerSnapshots=8 prunedSnapshots=1 retainedSnapshots=8 rollbackCount=0 slot=110460
[1778005187344] Info Node.Recovery.Checkpoint node=yggdrasil-preprod ledger checkpoint skipped action=skipped checkpointIntervalSlots=2160 maxLedgerSnapshots=8 rollbackCount=0 sinceLastSlotDelta=1000 slot=114460
[1778005188450] Info Node.Recovery.Checkpoint node=yggdrasil-preprod ledger checkpoint skipped action=skipped checkpointIntervalSlots=2160 maxLedgerSnapshots=8 rollbackCount=0 sinceLastSlotDelta=2000 slot=118460
[1778005189503] Info Node.Recovery.Checkpoint node=yggdrasil-preprod ledger checkpoint persisted action=persisted checkpointIntervalSlots=2160 maxLedgerSnapshots=8 prunedSnapshots=1 retainedSnapshots=8 rollbackCount=0 slot=122460
[1778005190676] Info Node.Recovery.Checkpoint node=yggdrasil-preprod ledger checkpoint skipped action=skipped checkpointIntervalSlots=2160 maxLedgerSnapshots=8 rollbackCount=0 sinceLastSlotDelta=2000 slot=127460
[1778005191889] Info Node.Recovery.Checkpoint node=yggdrasil-preprod ledger checkpoint skipped action=skipped checkpointIntervalSlots=2160 maxLedgerSnapshots=8 rollbackCount=0 sinceLastSlotDelta=1000 slot=132460
[1778005193087] Info Node.Recovery.Checkpoint node=yggdrasil-preprod ledger checkpoint persisted action=persisted checkpointIntervalSlots=2160 maxLedgerSnapshots=8 prunedSnapshots=1 retainedSnapshots=8 rollbackCount=0 slot=137460
[1778005194289] Info Node.Recovery.Checkpoint node=yggdrasil-preprod ledger checkpoint skipped action=skipped checkpointIntervalSlots=2160 maxLedgerSnapshots=8 rollbackCount=0 sinceLastSlotDelta=2000 slot=142460
[1778005195600] Info Node.Recovery.Checkpoint node=yggdrasil-preprod ledger checkpoint skipped action=skipped checkpointIntervalSlots=2160 maxLedgerSnapshots=8 rollbackCount=0 sinceLastSlotDelta=1000 slot=147460
[1778005196792] Info Node.Recovery.Checkpoint node=yggdrasil-preprod ledger checkpoint persisted action=persisted checkpointIntervalSlots=2160 maxLedgerSnapshots=8 prunedSnapshots=1 retainedSnapshots=8 rollbackCount=0 slot=152460
[1778005197975] Info Node.Recovery.Checkpoint node=yggdrasil-preprod ledger checkpoint skipped action=skipped checkpointIntervalSlots=2160 maxLedgerSnapshots=8 rollbackCount=0 sinceLastSlotDelta=2000 slot=157460
[1778005199169] Info Node.Recovery.Checkpoint node=yggdrasil-preprod ledger checkpoint skipped action=skipped checkpointIntervalSlots=2160 maxLedgerSnapshots=8 rollbackCount=0 sinceLastSlotDelta=1000 slot=162460
[1778005200368] Info Node.Recovery.Checkpoint node=yggdrasil-preprod ledger checkpoint persisted action=persisted checkpointIntervalSlots=2160 maxLedgerSnapshots=8 prunedSnapshots=1 retainedSnapshots=8 rollbackCount=0 slot=167460
[1778005201569] Info Node.Recovery.Checkpoint node=yggdrasil-preprod ledger checkpoint skipped action=skipped checkpointIntervalSlots=2160 maxLedgerSnapshots=8 rollbackCount=0 sinceLastSlotDelta=2000 slot=172460
[1778005202574] Info Node.Recovery.Checkpoint node=yggdrasil-preprod ledger checkpoint persisted action=persisted checkpointIntervalSlots=2160 maxLedgerSnapshots=8 prunedSnapshots=1 retainedSnapshots=8 rollbackCount=0 slot=176460
[1778005203762] Info Node.Recovery.Checkpoint node=yggdrasil-preprod ledger checkpoint skipped action=skipped checkpointIntervalSlots=2160 maxLedgerSnapshots=8 rollbackCount=0 sinceLastSlotDelta=2000 slot=181460
[1778005204967] Info Node.Recovery.Checkpoint node=yggdrasil-preprod ledger checkpoint skipped action=skipped checkpointIntervalSlots=2160 maxLedgerSnapshots=8 rollbackCount=0 sinceLastSlotDelta=1000 slot=186460
[1778005206179] Info Node.Recovery.Checkpoint node=yggdrasil-preprod ledger checkpoint persisted action=persisted checkpointIntervalSlots=2160 maxLedgerSnapshots=8 prunedSnapshots=1 retainedSnapshots=8 rollbackCount=0 slot=191460
[1778005207372] Info Node.Recovery.Checkpoint node=yggdrasil-preprod ledger checkpoint skipped action=skipped checkpointIntervalSlots=2160 maxLedgerSnapshots=8 rollbackCount=0 sinceLastSlotDelta=2000 slot=196460
[1778005208563] Info Node.Recovery.Checkpoint node=yggdrasil-preprod ledger checkpoint skipped action=skipped checkpointIntervalSlots=2160 maxLedgerSnapshots=8 rollbackCount=0 sinceLastSlotDelta=1000 slot=201460
[1778005209747] Info Node.Recovery.Checkpoint node=yggdrasil-preprod ledger checkpoint persisted action=persisted checkpointIntervalSlots=2160 maxLedgerSnapshots=8 prunedSnapshots=1 retainedSnapshots=8 rollbackCount=0 slot=206460
[1778005210922] Info Node.Recovery.Checkpoint node=yggdrasil-preprod ledger checkpoint skipped action=skipped checkpointIntervalSlots=2160 maxLedgerSnapshots=8 rollbackCount=0 sinceLastSlotDelta=2000 slot=211460
[1778005212121] Info Node.Recovery.Checkpoint node=yggdrasil-preprod ledger checkpoint skipped action=skipped checkpointIntervalSlots=2160 maxLedgerSnapshots=8 rollbackCount=0 sinceLastSlotDelta=1000 slot=216460
[1778005213312] Info Node.Recovery.Checkpoint node=yggdrasil-preprod ledger checkpoint persisted action=persisted checkpointIntervalSlots=2160 maxLedgerSnapshots=8 prunedSnapshots=1 retainedSnapshots=8 rollbackCount=0 slot=221460
[1778005214500] Info Node.Recovery.Checkpoint node=yggdrasil-preprod ledger checkpoint skipped action=skipped checkpointIntervalSlots=2160 maxLedgerSnapshots=8 rollbackCount=0 sinceLastSlotDelta=2000 slot=226460
[1778005215772] Info Node.Recovery.Checkpoint node=yggdrasil-preprod ledger checkpoint skipped action=skipped checkpointIntervalSlots=2160 maxLedgerSnapshots=8 rollbackCount=0 sinceLastSlotDelta=1000 slot=231460
[1778005217001] Info Node.Recovery.Checkpoint node=yggdrasil-preprod ledger checkpoint persisted action=persisted checkpointIntervalSlots=2160 maxLedgerSnapshots=8 prunedSnapshots=1 retainedSnapshots=8 rollbackCount=0 slot=236460
[1778005218181] Info Node.Recovery.Checkpoint node=yggdrasil-preprod ledger checkpoint skipped action=skipped checkpointIntervalSlots=2160 maxLedgerSnapshots=8 rollbackCount=0 sinceLastSlotDelta=2000 slot=241460
[1778005219368] Info Node.Recovery.Checkpoint node=yggdrasil-preprod ledger checkpoint skipped action=skipped checkpointIntervalSlots=2160 maxLedgerSnapshots=8 rollbackCount=0 sinceLastSlotDelta=1000 slot=246460
[1778005220555] Info Node.Recovery.Checkpoint node=yggdrasil-preprod ledger checkpoint persisted action=persisted checkpointIntervalSlots=2160 maxLedgerSnapshots=8 prunedSnapshots=1 retainedSnapshots=8 rollbackCount=0 slot=251460
[1778005221749] Info Node.Recovery.Checkpoint node=yggdrasil-preprod ledger checkpoint skipped action=skipped checkpointIntervalSlots=2160 maxLedgerSnapshots=8 rollbackCount=0 sinceLastSlotDelta=2000 slot=256460
[1778005222971] Info Node.Recovery.Checkpoint node=yggdrasil-preprod ledger checkpoint skipped action=skipped checkpointIntervalSlots=2160 maxLedgerSnapshots=8 rollbackCount=0 sinceLastSlotDelta=1000 slot=261460
[1778005224182] Info Node.Recovery.Checkpoint node=yggdrasil-preprod ledger checkpoint persisted action=persisted checkpointIntervalSlots=2160 maxLedgerSnapshots=8 prunedSnapshots=1 retainedSnapshots=8 rollbackCount=0 slot=266460
[1778005225360] Info Node.Recovery.Checkpoint node=yggdrasil-preprod ledger checkpoint skipped action=skipped checkpointIntervalSlots=2160 maxLedgerSnapshots=8 rollbackCount=0 sinceLastSlotDelta=2000 slot=271460
[1778005226531] Info Node.Recovery.Checkpoint node=yggdrasil-preprod ledger checkpoint skipped action=skipped checkpointIntervalSlots=2160 maxLedgerSnapshots=8 rollbackCount=0 sinceLastSlotDelta=1000 slot=276460
[1778005227711] Info Node.Recovery.Checkpoint node=yggdrasil-preprod ledger checkpoint persisted action=persisted checkpointIntervalSlots=2160 maxLedgerSnapshots=8 prunedSnapshots=1 retainedSnapshots=8 rollbackCount=0 slot=281460
[1778005228899] Info Node.Recovery.Checkpoint node=yggdrasil-preprod ledger checkpoint skipped action=skipped checkpointIntervalSlots=2160 maxLedgerSnapshots=8 rollbackCount=0 sinceLastSlotDelta=2000 slot=286460
[1778005230092] Info Node.Recovery.Checkpoint node=yggdrasil-preprod ledger checkpoint skipped action=skipped checkpointIntervalSlots=2160 maxLedgerSnapshots=8 rollbackCount=0 sinceLastSlotDelta=1000 slot=291460
[1778005231291] Info Node.Recovery.Checkpoint node=yggdrasil-preprod ledger checkpoint persisted action=persisted checkpointIntervalSlots=2160 maxLedgerSnapshots=8 prunedSnapshots=1 retainedSnapshots=8 rollbackCount=0 slot=296460
[1778005232485] Info Node.Recovery.Checkpoint node=yggdrasil-preprod ledger checkpoint skipped action=skipped checkpointIntervalSlots=2160 maxLedgerSnapshots=8 rollbackCount=0 sinceLastSlotDelta=2000 slot=301460
[1778005233679] Info Node.Recovery.Checkpoint node=yggdrasil-preprod ledger checkpoint skipped action=skipped checkpointIntervalSlots=2160 maxLedgerSnapshots=8 rollbackCount=0 sinceLastSlotDelta=1000 slot=306460
[1778005234874] Info Node.Recovery.Checkpoint node=yggdrasil-preprod ledger checkpoint persisted action=persisted checkpointIntervalSlots=2160 maxLedgerSnapshots=8 prunedSnapshots=1 retainedSnapshots=8 rollbackCount=0 slot=311460
[1778005235913] Info Node.Recovery.Checkpoint node=yggdrasil-preprod ledger checkpoint skipped action=skipped checkpointIntervalSlots=2160 maxLedgerSnapshots=8 rollbackCount=0 sinceLastSlotDelta=1000 slot=315460
[1778005237141] Info Node.Recovery.Checkpoint node=yggdrasil-preprod ledger checkpoint persisted action=persisted checkpointIntervalSlots=2160 maxLedgerSnapshots=8 prunedSnapshots=1 retainedSnapshots=8 rollbackCount=0 slot=320460
[1778005238331] Info Node.Recovery.Checkpoint node=yggdrasil-preprod ledger checkpoint skipped action=skipped checkpointIntervalSlots=2160 maxLedgerSnapshots=8 rollbackCount=0 sinceLastSlotDelta=2000 slot=325460
[1778005239520] Info Node.Recovery.Checkpoint node=yggdrasil-preprod ledger checkpoint skipped action=skipped checkpointIntervalSlots=2160 maxLedgerSnapshots=8 rollbackCount=0 sinceLastSlotDelta=1000 slot=330460
[1778005240699] Info Node.Recovery.Checkpoint node=yggdrasil-preprod ledger checkpoint persisted action=persisted checkpointIntervalSlots=2160 maxLedgerSnapshots=8 prunedSnapshots=1 retainedSnapshots=8 rollbackCount=0 slot=335460
[1778005241875] Info Node.Recovery.Checkpoint node=yggdrasil-preprod ledger checkpoint skipped action=skipped checkpointIntervalSlots=2160 maxLedgerSnapshots=8 rollbackCount=0 sinceLastSlotDelta=2000 slot=340460
[1778005243146] Info Node.Recovery.Checkpoint node=yggdrasil-preprod ledger checkpoint skipped action=skipped checkpointIntervalSlots=2160 maxLedgerSnapshots=8 rollbackCount=0 sinceLastSlotDelta=1000 slot=345460
[1778005244349] Info Node.Recovery.Checkpoint node=yggdrasil-preprod ledger checkpoint persisted action=persisted checkpointIntervalSlots=2160 maxLedgerSnapshots=8 prunedSnapshots=1 retainedSnapshots=8 rollbackCount=0 slot=350460
[1778005245529] Info Node.Recovery.Checkpoint node=yggdrasil-preprod ledger checkpoint skipped action=skipped checkpointIntervalSlots=2160 maxLedgerSnapshots=8 rollbackCount=0 sinceLastSlotDelta=2000 slot=355460
[1778005246711] Info Node.Recovery.Checkpoint node=yggdrasil-preprod ledger checkpoint skipped action=skipped checkpointIntervalSlots=2160 maxLedgerSnapshots=8 rollbackCount=0 sinceLastSlotDelta=1000 slot=360460
[1778005247886] Info Node.Recovery.Checkpoint node=yggdrasil-preprod ledger checkpoint persisted action=persisted checkpointIntervalSlots=2160 maxLedgerSnapshots=8 prunedSnapshots=1 retainedSnapshots=8 rollbackCount=0 slot=365460
[1778005249072] Info Node.Recovery.Checkpoint node=yggdrasil-preprod ledger checkpoint skipped action=skipped checkpointIntervalSlots=2160 maxLedgerSnapshots=8 rollbackCount=0 sinceLastSlotDelta=2000 slot=370460
[1778005250276] Info Node.Recovery.Checkpoint node=yggdrasil-preprod ledger checkpoint skipped action=skipped checkpointIntervalSlots=2160 maxLedgerSnapshots=8 rollbackCount=0 sinceLastSlotDelta=1000 slot=375460
[1778005251513] Info Node.Recovery.Checkpoint node=yggdrasil-preprod ledger checkpoint persisted action=persisted checkpointIntervalSlots=2160 maxLedgerSnapshots=8 prunedSnapshots=1 retainedSnapshots=8 rollbackCount=0 slot=380460
[1778005252717] Info Node.Recovery.Checkpoint node=yggdrasil-preprod ledger checkpoint skipped action=skipped checkpointIntervalSlots=2160 maxLedgerSnapshots=8 rollbackCount=0 sinceLastSlotDelta=2000 slot=385460
[1778005253899] Info Node.Recovery.Checkpoint node=yggdrasil-preprod ledger checkpoint skipped action=skipped checkpointIntervalSlots=2160 maxLedgerSnapshots=8 rollbackCount=0 sinceLastSlotDelta=1000 slot=390460
[1778005255101] Info Node.Recovery.Checkpoint node=yggdrasil-preprod ledger checkpoint persisted action=persisted checkpointIntervalSlots=2160 maxLedgerSnapshots=8 prunedSnapshots=1 retainedSnapshots=8 rollbackCount=0 slot=395460
[1778005256175] Info Node.Recovery.Checkpoint node=yggdrasil-preprod ledger checkpoint skipped action=skipped checkpointIntervalSlots=2160 maxLedgerSnapshots=8 rollbackCount=0 sinceLastSlotDelta=1000 slot=399460
[1778005257367] Info Node.Recovery.Checkpoint node=yggdrasil-preprod ledger checkpoint persisted action=persisted checkpointIntervalSlots=2160 maxLedgerSnapshots=8 prunedSnapshots=1 retainedSnapshots=8 rollbackCount=0 slot=404460
[1778005258540] Info Node.Recovery.Checkpoint node=yggdrasil-preprod ledger checkpoint skipped action=skipped checkpointIntervalSlots=2160 maxLedgerSnapshots=8 rollbackCount=0 sinceLastSlotDelta=2000 slot=409460
[1778005259738] Info Node.Recovery.Checkpoint node=yggdrasil-preprod ledger checkpoint skipped action=skipped checkpointIntervalSlots=2160 maxLedgerSnapshots=8 rollbackCount=0 sinceLastSlotDelta=1000 slot=414460
[1778005260946] Info Node.Recovery.Checkpoint node=yggdrasil-preprod ledger checkpoint persisted action=persisted checkpointIntervalSlots=2160 maxLedgerSnapshots=8 prunedSnapshots=1 retainedSnapshots=8 rollbackCount=0 slot=419460
[1778005262145] Info Node.Recovery.Checkpoint node=yggdrasil-preprod ledger checkpoint skipped action=skipped checkpointIntervalSlots=2160 maxLedgerSnapshots=8 rollbackCount=0 sinceLastSlotDelta=2000 slot=424460
[1778005263345] Info Node.Recovery.Checkpoint node=yggdrasil-preprod ledger checkpoint skipped action=skipped checkpointIntervalSlots=2160 maxLedgerSnapshots=8 rollbackCount=0 sinceLastSlotDelta=1000 slot=429460
[36m[1778005264045] Notice Net.Governor node=yggdrasil-preprod peer governor stopped drainedPeers=0[0m
[31m[1778005264045] Error Node.Sync node=yggdrasil-preprod node run failed error=consensus error: invalid VRF proof primaryPeer=3.79.79.217:3001[0m
Error: consensus error: invalid VRF proof

Caused by:
    invalid VRF proof

Location:
    node/src/main.rs:3625:32
